Fixed vertex : 0; pose : 0 0 0
vertex : 1; pose : -1.22315 -0.0982878 -0.805398
Source : 0; Target : 1; motion : 0.0960441 -0.124675 -0.02; Inf : 9.1565 8.6557 1.96078
vertex : 2; pose : -1.04666 -0.280297 -0.805398
Source : 1; Target : 2; motion : 0.180098 -0.178443 0; Inf : 7.62195 7.52345 2
vertex : 3; pose : -0.865569 -0.467044 -0.805398
Source : 2; Target : 3; motion : 0.184789 -0.183088 0; Inf : 7.52769 7.42664 2
vertex : 4; pose : -0.68257 -0.656266 -0.805398
Source : 3; Target : 4; motion : 0.186747 -0.185524 0; Inf : 7.48853 7.37607 2
vertex : 5; pose : -0.499429 -0.845488 -0.795398
Source : 4; Target : 5; motion : 0.186822 -0.172327 0.01; Inf : 7.48144 7.64626 1.9802
vertex : 6; pose : -0.318764 -1.0311 -0.795398
Source : 5; Target : 6; motion : 0.182513 -0.1838 0; Inf : 7.54018 7.446 2
vertex : 7; pose : -0.140149 -1.2141 -0.795398
Source : 6; Target : 7; motion : 0.180436 -0.181204 0; Inf : 7.58219 7.49954 2
vertex : 8; pose : 0.041295 -1.40035 -0.795398
Source : 7; Target : 8; motion : 0.183297 -0.184428 0; Inf : 7.52424 7.43299 2
vertex : 9; pose : 0.22387 -1.58703 -0.795398
Source : 8; Target : 9; motion : 0.184433 -0.184841 0; Inf : 7.50103 7.42435 2
vertex : 10; pose : 0.403758 -1.77031 -0.795398
Source : 9; Target : 10; motion : 0.181712 -0.181474 0; Inf : 7.55608 7.4938 2
vertex : 11; pose : 0.583575 -1.95367 -0.795398
Source : 10; Target : 11; motion : 0.181642 -0.181545 0; Inf : 7.55753 7.49235 2
vertex : 12; pose : 0.76318 -2.13723 -0.795398
Source : 11; Target : 12; motion : 0.181432 -0.18176 0; Inf : 7.56189 7.48799 2
vertex : 13; pose : 0.94427 -2.32242 -0.795398
Source : 12; Target : 13; motion : 0.182933 -0.183371 0; Inf : 7.53147 7.45472 2
vertex : 14; pose : 1.12543 -2.50754 -0.795398
Source : 13; Target : 14; motion : 0.183003 -0.1833 0; Inf : 7.53001 7.45617 2
vertex : 15; pose : 1.30348 -2.68955 -0.795398
Source : 14; Target : 15; motion : 0.179861 -0.18022 0; Inf : 7.59376 7.51981 2
vertex : 16; pose : 1.4845 -2.87481 -0.795398
Source : 15; Target : 16; motion : 0.182863 -0.183443 0; Inf : 7.53292 7.45327 2
vertex : 17; pose : 1.66432 -3.05817 -0.795398
Source : 16; Target : 17; motion : 0.181642 -0.181545 0; Inf : 7.55754 7.49235 2
vertex : 18; pose : 1.84477 -3.2423 -0.795398
Source : 17; Target : 18; motion : 0.182286 -0.182317 0; Inf : 7.54449 7.47643 2
vertex : 19; pose : 2.02374 -3.42494 -0.795398
Source : 18; Target : 19; motion : 0.180786 -0.180847 0; Inf : 7.57492 7.50681 2
vertex : 20; pose : 2.20504 -3.60992 -0.795398
Source : 19; Target : 20; motion : 0.183143 -0.183157 0; Inf : 7.52711 7.45908 2
vertex : 21; pose : 2.38542 -3.79426 -0.795398
Source : 20; Target : 21; motion : 0.182217 -0.18253 0; Inf : 7.54595 7.47208 2
Source : 19; Target : 21; motion : 0.36536 -0.365687 0; Inf : 7.54595 7.47208 2
vertex : 22; pose : 2.56666 -3.97931 -0.795398
Source : 21; Target : 22; motion : 0.183073 -0.183228 0; Inf : 7.52856 7.45763 2
Source : 20; Target : 22; motion : 0.36529 -0.365758 0; Inf : 7.52856 7.45763 2
vertex : 23; pose : 2.74471 -4.16132 -0.795398
Source : 22; Target : 23; motion : 0.179861 -0.18022 0; Inf : 7.59376 7.51981 2
vertex : 24; pose : 2.92509 -4.34567 -0.795398
Source : 23; Target : 24; motion : 0.182217 -0.18253 0; Inf : 7.54595 7.47208 2
vertex : 25; pose : 3.10696 -4.53149 -0.795398
Source : 24; Target : 25; motion : 0.183717 -0.184 0; Inf : 7.51552 7.44171 2
vertex : 26; pose : 3.28755 -4.71562 -0.795398
Source : 25; Target : 26; motion : 0.182427 -0.182316 0; Inf : 7.54159 7.47644 2
vertex : 27; pose : 3.46829 -4.89961 -0.795398
Source : 26; Target : 27; motion : 0.182567 -0.182172 0; Inf : 7.53869 7.47935 2
vertex : 28; pose : 3.64719 -5.08233 -0.795398
Source : 27; Target : 28; motion : 0.180716 -0.180918 0; Inf : 7.57637 7.50535 2
vertex : 29; pose : 3.82608 -5.26505 -0.795398
Source : 28; Target : 29; motion : 0.180716 -0.180918 0; Inf : 7.57637 7.50535 2
vertex : 30; pose : 4.00647 -5.44939 -0.795398
Source : 29; Target : 30; motion : 0.182217 -0.18253 0; Inf : 7.54595 7.47208 2
vertex : 31; pose : 4.18522 -5.63225 -0.795398
Source : 30; Target : 31; motion : 0.180576 -0.181061 0; Inf : 7.57928 7.50245 2
vertex : 32; pose : 4.36405 -5.81503 -0.795398
Source : 31; Target : 32; motion : 0.180646 -0.18099 0; Inf : 7.57783 7.5039 2
vertex : 33; pose : 4.54443 -5.99938 -0.795398
Source : 32; Target : 33; motion : 0.182217 -0.18253 0; Inf : 7.54595 7.47208 2
vertex : 34; pose : 4.72517 -6.18337 -0.795398
Source : 33; Target : 34; motion : 0.182567 -0.182172 0; Inf : 7.5387 7.47936 2
vertex : 35; pose : 4.90591 -6.36721 -0.795398
Source : 34; Target : 35; motion : 0.182566 -0.182031 0; Inf : 7.53868 7.48224 2
vertex : 36; pose : 5.08431 -6.54901 -0.795398
Source : 35; Target : 36; motion : 0.180213 -0.180005 0; Inf : 7.5865 7.52417 2
vertex : 37; pose : 5.26406 -6.73243 -0.795398
Source : 36; Target : 37; motion : 0.181572 -0.181617 0; Inf : 7.55899 7.4909 2
vertex : 38; pose : 5.44444 -6.91664 -0.795398
Source : 37; Target : 38; motion : 0.182216 -0.182388 0; Inf : 7.54595 7.47498 2
Source : 36; Target : 38; motion : 0.363788 -0.364005 0; Inf : 7.54595 7.47498 2
vertex : 39; pose : 5.62419 -7.10006 -0.795398
Source : 38; Target : 39; motion : 0.181572 -0.181617 0; Inf : 7.55899 7.4909 2
vertex : 40; pose : 5.80464 -7.28433 -0.795398
Source : 39; Target : 40; motion : 0.182287 -0.182458 0; Inf : 7.5445 7.47353 2
Source : 38; Target : 40; motion : 0.363859 -0.364075 0; Inf : 7.5445 7.47353 2
vertex : 41; pose : 5.98375 -7.46684 -0.795398
Source : 40; Target : 41; motion : 0.180926 -0.180704 0; Inf : 7.57202 7.50971 2
vertex : 42; pose : 6.16597 -7.65245 -0.795398
Source : 41; Target : 42; motion : 0.184068 -0.183784 0; Inf : 7.50827 7.44608 2
Source : 40; Target : 42; motion : 0.364994 -0.364488 0; Inf : 7.50827 7.44608 2
vertex : 43; pose : 6.34593 -7.83566 -0.795398
Source : 42; Target : 43; motion : 0.181782 -0.181403 0; Inf : 7.55462 7.49525 2
Source : 41; Target : 43; motion : 0.36585 -0.365187 0; Inf : 7.55462 7.49525 2
