vertex : 0; pose : 0 0 0
vertex : 1; pose : 0.0376896 0.00584709 -0.00883645
Source : 0; Target : 1; motion : 0.0307336 -0.0341753 -0.00883645; Inf : 3338.13 2331.28 40536.3
vertex : 2; pose : 0.216947 -0.000711174 -0.00897071
Source : 1; Target : 2; motion : 0.123273 -0.130484 -0.000134257; Inf : 2199.68 1555.87 58163.3
vertex : 3; pose : 0.443166 -0.00600767 -0.00909999
Source : 2; Target : 3; motion : 0.157678 -0.162469 -0.000129284; Inf : 1936.28 1379.16 42971.5
vertex : 4; pose : 0.678137 -0.0215517 -0.00741485
Source : 3; Target : 4; motion : 0.156762 -0.173498 0.00168514; Inf : 1970.36 1457.47 38563.7
vertex : 5; pose : 0.913148 -0.0340628 -0.00741485
Source : 4; Target : 5; motion : 0.158625 -0.173853 0; Inf : 1880.93 1408.25 42855.4
vertex : 6; pose : 1.14975 -0.0643397 -0.00816958
Source : 5; Target : 6; motion : 0.147291 -0.188623 -0.000754737; Inf : 1633.16 1254.25 29078.6
vertex : 7; pose : 1.38336 -0.0752849 -0.00693759
Source : 6; Target : 7; motion : 0.158851 -0.170006 0.001232; Inf : 1666.85 1284.07 29673.3
vertex : 8; pose : 1.6263 -0.091718 -0.00770117
Source : 7; Target : 8; motion : 0.161436 -0.1833 -0.000763584; Inf : 1589.15 1202.84 24812.7
vertex : 9; pose : 1.86681 -0.105172 -0.00677718
Source : 8; Target : 9; motion : 0.161926 -0.177115 0.000923994; Inf : 1657.52 1288.53 29225.1
vertex : 10; pose : 2.10824 -0.152614 0.000684166
Source : 9; Target : 10; motion : 0.138516 -0.193484 0.00746134; Inf : 1417.98 1143.71 28939.1
vertex : 11; pose : 2.34081 -0.129475 -0.00795836
Source : 10; Target : 11; motion : 0.180666 -0.15962 -0.00864252; Inf : 1293.67 879.773 29393.8
vertex : 12; pose : 2.5807 -0.153966 -0.0066158
Source : 11; Target : 12; motion : 0.153794 -0.183959 0.00134256; Inf : 1280.92 926.741 29467
vertex : 13; pose : 2.82879 -0.198307 0.00248661
Source : 12; Target : 13; motion : 0.145381 -0.19381 0.00910241; Inf : 1319.37 902.8 28512.8
vertex : 14; pose : 3.07029 -0.183317 -0.0060174
Source : 13; Target : 14; motion : 0.180916 -0.171836 -0.00850401; Inf : 1282.15 862.372 29447.4
vertex : 15; pose : 3.30677 -0.231789 0.00237878
Source : 14; Target : 15; motion : 0.13411 -0.189613 0.00839618; Inf : 1397.18 1155.57 29509.2
vertex : 16; pose : 3.54961 -0.215684 -0.00587589
Source : 15; Target : 16; motion : 0.18267 -0.171649 -0.00825467; Inf : 1235.64 852.845 29395.2
vertex : 17; pose : 3.77939 -0.236069 -0.00440614
Source : 16; Target : 17; motion : 0.149102 -0.174082 0.00146975; Inf : 1294.6 920.029 29359.3
vertex : 18; pose : 4.00763 -0.253725 -0.00229337
Source : 17; Target : 18; motion : 0.149668 -0.170431 0.00211277; Inf : 1300.62 919.938 29344
vertex : 19; pose : 4.23897 -0.300439 0.00327946
Source : 18; Target : 19; motion : 0.130976 -0.188957 0.00557283; Inf : 1241.53 904.605 21327.2
vertex : 20; pose : 4.46343 -0.279264 -0.00372855
Source : 19; Target : 20; motion : 0.173189 -0.153562 -0.00700801; Inf : 1185.42 798.936 21590.3
vertex : 21; pose : 4.7003 -0.328003 0.00452612
Source : 20; Target : 21; motion : 0.133737 -0.190569 0.00825467; Inf : 1262.14 1014.47 29363.3
vertex : 22; pose : 4.94597 -0.336005 0.00627145
Source : 21; Target : 22; motion : 0.16724 -0.177828 0.00174533; Inf : 1288.11 870.78 29317.3
vertex : 23; pose : 5.18051 -0.355791 0.00675852
Source : 22; Target : 23; motion : 0.150719 -0.180138 0.000487067; Inf : 1323.66 911.034 21634.8
vertex : 24; pose : 5.40944 -0.366296 0.00501319
Source : 23; Target : 24; motion : 0.153307 -0.172655 -0.00174533; Inf : 1519.37 1063.5 29266.9
vertex : 25; pose : 5.63264 -0.3794 0.00290042
Source : 24; Target : 25; motion : 0.147717 -0.170622 -0.00211277; Inf : 1263.51 864.219 20644
vertex : 26; pose : 5.87742 -0.390851 0.00450423
Source : 25; Target : 26; motion : 0.164458 -0.179542 0.00160382; Inf : 1475.21 1091.9 29457.6
vertex : 27; pose : 6.11649 -0.41096 0.00525223
Source : 26; Target : 27; motion : 0.154001 -0.182976 0.000747995; Inf : 1325.5 914.786 21477.2
vertex : 28; pose : 6.34184 -0.423207 0.00405805
Source : 27; Target : 28; motion : 0.149805 -0.170374 -0.00119418; Inf : 1400.44 989.541 29065.2
vertex : 29; pose : 6.57258 -0.442333 0.00472294
Source : 28; Target : 29; motion : 0.148911 -0.176407 0.000664886; Inf : 1279.45 876.203 21547.8
vertex : 30; pose : 6.81078 -0.428595 -0.00105153
Source : 29; Target : 30; motion : 0.177376 -0.167179 -0.00577447; Inf : 260.706 216.499 21394.2
vertex : 31; pose : 7.05106 -0.477125 0.00894847
Source : 30; Target : 31; motion : 0.135731 -0.190877 0.01; Inf : 1475.77 1037.36 21558.4
vertex : 32; pose : 7.29461 -0.485282 0.00894847
Source : 31; Target : 32; motion : 0.164852 -0.17947 2.22045e-16; Inf : 1301.22 850.091 21574.8
vertex : 33; pose : 7.5207 -0.495877 0.00894847
Source : 32; Target : 33; motion : 0.150872 -0.168716 0; Inf : 1571.55 1172.61 21476
vertex : 34; pose : 7.74645 -0.506688 0.00863818
Source : 33; Target : 34; motion : 0.150484 -0.16904 -0.000310282; Inf : 1337.18 925.966 16106.8
vertex : 35; pose : 7.9714 -0.517648 0.00863818
Source : 34; Target : 35; motion : 0.149864 -0.168111 -1.11022e-16; Inf : 1482.95 1068.27 21402.9
vertex : 36; pose : 8.19383 -0.530582 0.00774695
Source : 35; Target : 36; motion : 0.146696 -0.16888 -0.000891237; Inf : 1266.02 882.298 14674.6
vertex : 37; pose : 8.41606 -0.546362 0.00980028
Source : 36; Target : 37; motion : 0.14467 -0.166714 0.00205333; Inf : 1117.63 751.816 12834.2
vertex : 38; pose : 8.63912 -0.56291 0.0104127
Source : 37; Target : 38; motion : 0.144363 -0.170048 0.000612404; Inf : 1130.37 752.34 12933.8
vertex : 39; pose : 8.86642 -0.580721 0.012906
Source : 38; Target : 39; motion : 0.146309 -0.171557 0.00249333; Inf : 1161.19 838.722 12786.8
vertex : 40; pose : 9.09505 -0.598027 0.0138246
Source : 39; Target : 40; motion : 0.147174 -0.174608 0.000918606; Inf : 652.987 444.103 10486.4
vertex : 41; pose : 9.28299 -0.578295 0.0038246
Source : 40; Target : 41; motion : 0.145121 -0.134153 -0.01; Inf : 295.853 176.433 10230.8
vertex : 42; pose : 9.48213 -0.597391 0.00461792
Source : 41; Target : 42; motion : 0.126717 -0.153753 0.000793318; Inf : 324.192 187.142 8658.45
vertex : 43; pose : 9.71978 -0.616154 0.00717446
Source : 42; Target : 43; motion : 0.153934 -0.178652 0.00255655; Inf : 345.822 257.999 8241.87
vertex : 44; pose : 9.9517 -0.636169 0.0102005
Source : 43; Target : 44; motion : 0.148556 -0.175227 0.003026; Inf : 451.852 240.295 8560.74
vertex : 45; pose : 10.1938 -0.653264 0.0122214
Source : 44; Target : 45; motion : 0.157245 -0.182249 0.00202092; Inf : 468.902 212.791 8334.24
vertex : 46; pose : 10.4311 -0.671464 0.0122214
Source : 45; Target : 46; motion : 0.152705 -0.182542 1.11022e-16; Inf : 489.013 196.554 8468.3
vertex : 47; pose : 10.6717 -0.683984 0.0114666
Source : 46; Target : 47; motion : 0.159019 -0.181876 -0.000754753; Inf : 893.118 384.946 8460.74
vertex : 48; pose : 10.8792 -0.679455 0.00540843
Source : 47; Target : 48; motion : 0.148263 -0.153241 -0.00605819; Inf : 673.211 241.816 8324.62
vertex : 49; pose : 11.1172 -0.691312 0.00734171
Source : 48; Target : 49; motion : 0.158977 -0.175018 0.00193327; Inf : 1281.03 507.632 8394.08
vertex : 50; pose : 11.3376 -0.708332 0.00699647
Source : 49; Target : 50; motion : 0.142563 -0.169376 -0.000345234; Inf : 817.14 187.653 8445.17
vertex : 51; pose : 11.5068 -0.688293 -0.0100894
Source : 50; Target : 51; motion : 0.132909 -0.128981 -0.0170859; Inf : 681.479 170.524 8295.1
vertex : 52; pose : 11.7244 -0.694659 -0.0164329
Source : 51; Target : 52; motion : 0.150865 -0.165161 -0.00634351; Inf : 465.674 119.196 8283.3
vertex : 53; pose : 11.9452 -0.715224 -0.0182454
Source : 52; Target : 53; motion : 0.144432 -0.170772 -0.00181246; Inf : 1010.86 139.864 8469.32
vertex : 54; pose : 12.1572 -0.691055 -0.0202481
Source : 53; Target : 54; motion : 0.169376 -0.132378 -0.00200272; Inf : 327.102 30.5028 8584.36
vertex : 55; pose : 12.3796 -0.702389 -0.0211623
Source : 54; Target : 55; motion : 0.152524 -0.16339 -0.000914225; Inf : 359.318 41.631 8439.27
vertex : 56; pose : 12.6119 -0.704143 -0.0211117
Source : 55; Target : 56; motion : 0.166494 -0.161955 5.0587e-05; Inf : 512.488 58.9771 8592.72
vertex : 57; pose : 12.8468 -0.710375 -0.0194287
Source : 56; Target : 57; motion : 0.165285 -0.164864 0.001683; Inf : 505.715 76.0382 8530.23
vertex : 58; pose : 13.0794 -0.761177 -0.0215558
Source : 57; Target : 58; motion : 0.132376 -0.200627 -0.00212712; Inf : 188.694 34.6585 8278.19
vertex : 59; pose : 13.3042 -0.7377 -0.0252479
Source : 58; Target : 59; motion : 0.178613 -0.143446 -0.00369204; Inf : 258.053 45.9943 7893.57
vertex : 60; pose : 13.5299 -0.759848 -0.0243337
Source : 59; Target : 60; motion : 0.148322 -0.17037 0.000914221; Inf : 291.885 56.0894 8724.44
Source : 58; Target : 60; motion : 0.326305 -0.314362 -0.00277782; Inf : 292.191 55.7832 8724.44
vertex : 61; pose : 13.7627 -0.787062 -0.0241674
Source : 60; Target : 61; motion : 0.149805 -0.180051 0.000166223; Inf : 473.234 173.631 10484.4
vertex : 62; pose : 14.0006 -0.802893 -0.0236566
Source : 61; Target : 62; motion : 0.161314 -0.174892 0.000510825; Inf : 467.79 310.853 10590
vertex : 63; pose : 14.2277 -0.837951 -0.0244323
Source : 62; Target : 63; motion : 0.140106 -0.1831 -0.0007757; Inf : 531.71 162.543 10724.6
vertex : 64; pose : 14.4699 -0.840195 -0.0261247
Source : 63; Target : 64; motion : 0.173882 -0.170919 -0.00169244; Inf : 443.929 89.4292 17065.2
vertex : 65; pose : 14.6961 -0.84304 -0.0276647
Source : 64; Target : 65; motion : 0.162112 -0.159812 -0.00153999; Inf : 433.39 139.236 16969.7
vertex : 66; pose : 14.9084 -0.8517 -0.0285956
Source : 65; Target : 66; motion : 0.148209 -0.153377 -0.000930843; Inf : 504.841 262.927 21580.3
Source : 64; Target : 66; motion : 0.310084 -0.313417 -0.00247084; Inf : 505.373 262.395 21580.3
vertex : 67; pose : 15.1398 -0.868147 -0.0302962
Source : 66; Target : 67; motion : 0.156956 -0.173095 -0.00170058; Inf : 450.034 171.672 17067.4
vertex : 68; pose : 15.361 -0.879871 -0.0301836
Source : 67; Target : 68; motion : 0.153019 -0.159968 0.000112601; Inf : 683.923 301.368 27947.6
vertex : 69; pose : 15.5935 -0.909441 -0.0312744
Source : 68; Target : 69; motion : 0.149058 -0.182371 -0.00109083; Inf : 766.887 264.995 29617.2
vertex : 70; pose : 15.822 -0.929002 -0.0304862
Source : 69; Target : 70; motion : 0.153165 -0.16967 0.000788213; Inf : 817.99 354.463 29264.8
vertex : 71; pose : 16.0535 -0.950185 -0.0311208
Source : 70; Target : 71; motion : 0.154048 -0.174852 -0.000634667; Inf : 871.503 382.01 25877.4
vertex : 72; pose : 16.3207 -1.02917 -0.0223208
Source : 71; Target : 72; motion : 0.140606 -0.228932 0.00880008; Inf : 713.362 445.678 21546.8
vertex : 73; pose : 16.5617 -1.05214 -0.0220547
Source : 72; Target : 73; motion : 0.158296 -0.182822 0.000266037; Inf : 372.069 55.3391 27650.1
vertex : 74; pose : 16.7765 -1.06566 -0.0214729
Source : 73; Target : 74; motion : 0.145899 -0.157536 0.000581777; Inf : 803.864 456.304 28771
vertex : 75; pose : 17.0171 -1.08067 -0.0224426
Source : 74; Target : 75; motion : 0.16334 -0.178539 -0.000969627; Inf : 554.251 248.042 29323.7
vertex : 76; pose : 17.2421 -1.08831 -0.023985
Source : 75; Target : 76; motion : 0.157327 -0.163035 -0.00154238; Inf : 954.72 608.818 20825.2
vertex : 77; pose : 17.474 -1.10147 -0.0251194
Source : 76; Target : 77; motion : 0.158763 -0.171002 -0.00113446; Inf : 679.643 318.452 21208.1
vertex : 78; pose : 17.7067 -1.11557 -0.0280283
Source : 77; Target : 78; motion : 0.158915 -0.174421 -0.00290888; Inf : 793.45 170.807 16382.2
vertex : 79; pose : 17.9229 -1.12442 -0.0291918
Source : 78; Target : 79; motion : 0.151074 -0.156547 -0.00116355; Inf : 694.699 238.727 16526.7
vertex : 80; pose : 18.1589 -1.13869 -0.0326825
Source : 79; Target : 80; motion : 0.161845 -0.176894 -0.00349066; Inf : 713.949 93.6713 21493.6
vertex : 81; pose : 18.3885 -1.15335 -0.0346772
Source : 80; Target : 81; motion : 0.157554 -0.170292 -0.00199466; Inf : 861.064 76.2372 16551.1
vertex : 82; pose : 18.6147 -1.16096 -0.0391072
Source : 81; Target : 82; motion : 0.160153 -0.165687 -0.00443003; Inf : 705.114 77.5104 20321.5
vertex : 83; pose : 18.8402 -1.17954 -0.0393565
Source : 82; Target : 83; motion : 0.152965 -0.167075 -0.000249332; Inf : 787.486 77.2411 16195.1
vertex : 84; pose : 19.0673 -1.19719 -0.0388012
Source : 83; Target : 84; motion : 0.154792 -0.166361 0.000555333; Inf : 843.961 69.3025 16349
vertex : 85; pose : 19.3044 -1.22579 -0.0384839
Source : 84; Target : 85; motion : 0.154624 -0.181614 0.00031733; Inf : 824.416 76.7835 13175.5
vertex : 86; pose : 19.5238 -1.24097 -0.0402292
Source : 85; Target : 86; motion : 0.150688 -0.162506 -0.00174533; Inf : 902.497 89.6415 16431.9
vertex : 87; pose : 19.7469 -1.25887 -0.0417888
Source : 86; Target : 87; motion : 0.151854 -0.166517 -0.00155966; Inf : 1176.46 153.907 16410
vertex : 88; pose : 19.9926 -1.29595 -0.0397318
Source : 87; Target : 88; motion : 0.15569 -0.190868 0.002057; Inf : 1274.18 155.871 12668.6
vertex : 89; pose : 20.2202 -1.31556 -0.0391708
Source : 88; Target : 89; motion : 0.153894 -0.168071 0.000560999; Inf : 1320.9 304.085 12857.3
vertex : 90; pose : 20.4625 -1.34439 -0.039457
Source : 89; Target : 90; motion : 0.158333 -0.18603 -0.000286123; Inf : 1028.94 216.179 8709.37
vertex : 91; pose : 20.684 -1.36153 -0.0431884
Source : 90; Target : 91; motion : 0.151069 -0.167871 -0.00373139; Inf : 1181.93 354.278 10147.7
vertex : 92; pose : 20.7585 -1.36375 -0.0418711
Source : 91; Target : 92; motion : 0.053437 -0.050284 0.00131722; Inf : 1388.73 458.139 10493.1
vertex : 93; pose : 20.7447 -1.36829 -0.196542
Source : 92; Target : 93; motion : -0.0290151 -0.197241 -0.154671; Inf : 448.675 177.217 8578.96
vertex : 94; pose : 20.7387 -1.41288 -0.337587
Source : 93; Target : 94; motion : -0.0428308 -0.219255 -0.141044; Inf : 728.273 140.054 8665.03
vertex : 95; pose : 20.7095 -1.32436 -0.551939
Source : 94; Target : 95; motion : -0.0181858 -0.188238 -0.214353; Inf : 422.425 32.1381 8514.33
vertex : 96; pose : 20.7015 -1.33498 -0.650971
Source : 95; Target : 96; motion : -0.016734 -0.138926 -0.0990312; Inf : 701.724 137.443 8416.61
vertex : 97; pose : 20.7036 -1.31727 -0.853131
Source : 96; Target : 97; motion : -0.0224341 -0.247652 -0.202161; Inf : 510.223 91.3003 8532.09
vertex : 98; pose : 20.6887 -1.36089 -0.950838
Source : 97; Target : 98; motion : -0.0182089 -0.173248 -0.0977071; Inf : 1121.72 81.9695 8472.86
vertex : 99; pose : 20.7061 -1.26568 -1.15926
Source : 98; Target : 99; motion : -0.0270469 -0.17623 -0.208418; Inf : 749.13 32.2341 8553.83
vertex : 100; pose : 20.6868 -1.27633 -1.27321
Source : 99; Target : 100; motion : -0.0226138 -0.166984 -0.113951; Inf : 737.989 62.8362 8752.81
vertex : 101; pose : 20.6673 -1.28361 -1.41489
Source : 100; Target : 101; motion : -0.0270958 -0.201922 -0.141683; Inf : 1067.05 123.357 8478.32
vertex : 102; pose : 20.6747 -1.25779 -1.58074
Source : 101; Target : 102; motion : -0.0272769 -0.192569 -0.165852; Inf : 818.961 61.6121 8781.95
vertex : 103; pose : 20.6965 -1.23846 -1.58473
Source : 102; Target : 103; motion : 0.00141704 0.0237933 -0.00399106; Inf : 1845.3 72.6982 23900.8
vertex : 104; pose : 20.703 -1.47164 -1.61102
Source : 103; Target : 104; motion : 0.171224 -0.192606 -0.0262897; Inf : 1224.19 37.5459 10676.8
vertex : 105; pose : 20.7042 -1.68762 -1.6196
Source : 104; Target : 105; motion : 0.15951 -0.156878 -0.00857523; Inf : 1828.28 70.859 8646.07
Source : 103; Target : 105; motion : 0.326555 -0.353623 -0.034865; Inf : 1834.47 64.6682 8646.07
vertex : 106; pose : 20.676 -1.93684 -1.61797
Source : 105; Target : 106; motion : 0.165692 -0.186144 0.00162356; Inf : 1778.26 183.414 12700.5
vertex : 107; pose : 20.6149 -2.22032 -1.61134
Source : 106; Target : 107; motion : 0.168517 -0.227232 0.00663862; Inf : 1403.37 71.1359 12996.9
vertex : 108; pose : 20.5821 -2.46405 -1.61171
Source : 107; Target : 108; motion : 0.156951 -0.189821 -0.000377369; Inf : 1034.92 188.902 13212
vertex : 109; pose : 20.5579 -2.70436 -1.6123
Source : 108; Target : 109; motion : 0.160328 -0.181415 -0.000581777; Inf : 814.263 301.05 21726.4
vertex : 110; pose : 20.5342 -2.94532 -1.61139
Source : 109; Target : 110; motion : 0.1613 -0.179363 0.000904984; Inf : 741.205 360.523 16893.5
vertex : 111; pose : 20.5097 -3.19989 -1.61174
Source : 110; Target : 111; motion : 0.17057 -0.191015 -0.000349068; Inf : 900.939 509.462 22084.2
vertex : 112; pose : 20.4793 -3.44826 -1.61123
Source : 111; Target : 112; motion : 0.162057 -0.189975 0.000513333; Inf : 1120.01 670.453 28665.3
vertex : 113; pose : 20.4565 -3.69436 -1.61158
Source : 112; Target : 113; motion : 0.165413 -0.184111 -0.000349068; Inf : 1215.36 793.786 42843.2
vertex : 114; pose : 20.4284 -3.929 -1.61123
Source : 113; Target : 114; motion : 0.153544 -0.179166 0.000349068; Inf : 774.433 559.847 28692.4
vertex : 115; pose : 20.4053 -4.18042 -1.61269
Source : 114; Target : 115; motion : 0.169107 -0.189425 -0.00146383; Inf : 989.262 634.394 29956.8
vertex : 116; pose : 20.3716 -4.43095 -1.61415
Source : 115; Target : 116; motion : 0.161625 -0.19628 -0.00146383; Inf : 944.39 513.102 30258.3
vertex : 117; pose : 20.3485 -4.68308 -1.61415
Source : 116; Target : 117; motion : 0.170268 -0.187386 4.44089e-16; Inf : 1177.42 611.284 28058.6
vertex : 118; pose : 20.318 -4.93141 -1.61688
Source : 117; Target : 118; motion : 0.162404 -0.193922 -0.00272707; Inf : 733.19 371.018 28599.2
vertex : 119; pose : 20.3042 -5.18811 -1.61863
Source : 118; Target : 119; motion : 0.180393 -0.185445 -0.00174533; Inf : 973.628 500.05 20579.6
vertex : 120; pose : 20.2802 -5.42437 -1.6206
Source : 119; Target : 120; motion : 0.15867 -0.17929 -0.00196909; Inf : 1047.07 544.048 29268.9
vertex : 121; pose : 20.2585 -5.66783 -1.62129
Source : 120; Target : 121; motion : 0.165997 -0.180325 -0.000698129; Inf : 993.637 485.392 21617.1
vertex : 122; pose : 20.2357 -5.90764 -1.62313
Source : 121; Target : 122; motion : 0.162624 -0.180136 -0.00183719; Inf : 943.254 443.687 20637
vertex : 123; pose : 20.2124 -6.15099 -1.62421
Source : 122; Target : 123; motion : 0.165233 -0.1816 -0.00108044; Inf : 892.005 438.54 21267.7
vertex : 124; pose : 20.1886 -6.38811 -1.62669
Source : 123; Target : 124; motion : 0.160477 -0.179439 -0.00248021; Inf : 906.784 466.472 29008
vertex : 125; pose : 20.1663 -6.63087 -1.62783
Source : 124; Target : 125; motion : 0.16608 -0.179969 -0.00113446; Inf : 853.052 420.472 21177.1
vertex : 126; pose : 20.1369 -6.86403 -1.62896
Source : 125; Target : 126; motion : 0.154458 -0.178603 -0.00113446; Inf : 789.023 392.64 21281.1
vertex : 127; pose : 20.1212 -7.10623 -1.63018
Source : 126; Target : 127; motion : 0.170482 -0.174351 -0.00121767; Inf : 787.697 392.655 16620.8
vertex : 128; pose : 20.0874 -7.33383 -1.63126
Source : 127; Target : 128; motion : 0.147737 -0.177843 -0.00108044; Inf : 737.617 362.702 16531.2
vertex : 129; pose : 20.0702 -7.56129 -1.63177
Source : 128; Target : 129; motion : 0.158873 -0.164356 -0.000510825; Inf : 829.453 418.357 21546.7
vertex : 130; pose : 20.0288 -7.82501 -1.63237
Source : 129; Target : 130; motion : 0.170052 -0.206563 -0.000595963; Inf : 735.564 363.026 16371.7
vertex : 131; pose : 19.9981 -8.08188 -1.63311
Source : 130; Target : 131; motion : 0.172163 -0.194071 -0.000747995; Inf : 827.699 436.639 21309.3
vertex : 132; pose : 19.9691 -8.32858 -1.63486
Source : 131; Target : 132; motion : 0.165789 -0.187282 -0.00174533; Inf : 792.288 422.827 16624.7
vertex : 133; pose : 19.9464 -8.54386 -1.6339
Source : 132; Target : 133; motion : 0.14662 -0.157998 0.000959931; Inf : 847.385 465.201 21346.2
vertex : 134; pose : 19.9101 -8.78198 -1.63465
Source : 133; Target : 134; motion : 0.154692 -0.18561 -0.000747995; Inf : 855.715 450.001 21448.7
vertex : 135; pose : 19.8886 -9.01661 -1.63554
Source : 134; Target : 135; motion : 0.161931 -0.172332 -0.000892957; Inf : 952.522 478.564 21040.8
vertex : 136; pose : 19.8625 -9.24275 -1.63407
Source : 135; Target : 136; motion : 0.152721 -0.166857 0.00146975; Inf : 1085.43 582.43 20881.4
vertex : 137; pose : 19.8304 -9.47617 -1.63304
Source : 136; Target : 137; motion : 0.153915 -0.177054 0.00102667; Inf : 827.534 447.272 16396.5
vertex : 138; pose : 19.7886 -9.73909 -1.63428
Source : 137; Target : 138; motion : 0.169481 -0.206926 -0.00124112; Inf : 849.717 437.885 16502.9
vertex : 139; pose : 19.7703 -9.96229 -1.63603
Source : 138; Target : 139; motion : 0.155393 -0.163576 -0.00174533; Inf : 1022.73 535.191 20368.6
vertex : 140; pose : 19.7442 -10.1951 -1.63681
Source : 139; Target : 140; motion : 0.157806 -0.174148 -0.000775702; Inf : 945.149 516.727 21238
vertex : 141; pose : 19.7106 -10.4382 -1.63681
Source : 140; Target : 141; motion : 0.160736 -0.185458 0; Inf : 1147.1 644.084 21552.3
vertex : 142; pose : 19.6848 -10.6631 -1.6377
Source : 141; Target : 142; motion : 0.152152 -0.168769 -0.000892957; Inf : 1103.45 535.234 21194.1
vertex : 143; pose : 19.6524 -10.8952 -1.6377
Source : 142; Target : 143; motion : 0.153413 -0.177196 2.22045e-16; Inf : 1065.26 630.181 15874.9
vertex : 144; pose : 19.6201 -11.1399 -1.63744
Source : 143; Target : 144; motion : 0.162924 -0.185051 0.000261798; Inf : 1068.05 646.176 21502.4
vertex : 145; pose : 19.5947 -11.377 -1.63835
Source : 144; Target : 145; motion : 0.161697 -0.176404 -0.000910608; Inf : 967.055 552.648 15014.5
vertex : 146; pose : 19.5623 -11.6126 -1.63888
Source : 145; Target : 146; motion : 0.156195 -0.180092 -0.000531189; Inf : 904.917 453.771 16169.5
vertex : 147; pose : 19.5274 -11.8638 -1.63805
Source : 146; Target : 147; motion : 0.166331 -0.190298 0.000825063; Inf : 831.239 416.318 12975
vertex : 148; pose : 19.4943 -12.1041 -1.63791
Source : 147; Target : 148; motion : 0.159222 -0.18288 0.000139628; Inf : 703.936 233.161 13027.7
vertex : 149; pose : 19.4648 -12.3352 -1.63816
Source : 148; Target : 149; motion : 0.154559 -0.174604 -0.00024933; Inf : 811.677 567.238 13022.4
vertex : 150; pose : 19.4298 -12.571 -1.63916
Source : 149; Target : 150; motion : 0.154553 -0.182856 -0.000997329; Inf : 816.782 215.116 16221
vertex : 151; pose : 19.401 -12.8055 -1.64179
Source : 150; Target : 151; motion : 0.157827 -0.179276 -0.00263331; Inf : 990.467 217.451 12872.2
vertex : 152; pose : 19.38 -13.0273 -1.64309
Source : 151; Target : 152; motion : 0.153759 -0.162882 -0.00129492; Inf : 789.486 220.142 12701.6
vertex : 153; pose : 19.3555 -13.2594 -1.64402
Source : 152; Target : 153; motion : 0.159572 -0.171583 -0.000935; Inf : 891.641 773.032 12863.5
vertex : 154; pose : 19.329 -13.5003 -1.64513
Source : 153; Target : 154; motion : 0.165052 -0.178966 -0.00110232; Inf : 1119.48 730.198 12819.4
vertex : 155; pose : 19.2998 -13.7354 -1.64416
Source : 154; Target : 155; motion : 0.159 -0.174331 0.000962941; Inf : 1214.84 179.373 12758.7
vertex : 156; pose : 19.2633 -13.9831 -1.64544
Source : 155; Target : 156; motion : 0.163684 -0.191165 -0.00127991; Inf : 1324.42 153.21 12663.4
vertex : 157; pose : 19.2299 -14.2232 -1.64482
Source : 156; Target : 157; motion : 0.160196 -0.18108 0.000619309; Inf : 1284.62 156.113 12798
vertex : 158; pose : 19.2014 -14.4543 -1.64441
Source : 157; Target : 158; motion : 0.156411 -0.17194 0.000416792; Inf : 1541.27 126.877 10311.6
vertex : 159; pose : 19.1508 -14.7087 -1.63877
Source : 158; Target : 159; motion : 0.159595 -0.197023 0.00563404; Inf : 1246.91 132.877 10270.9
vertex : 160; pose : 19.1358 -14.9336 -1.64414
Source : 159; Target : 160; motion : 0.159598 -0.166263 -0.00536573; Inf : 1480.22 149.649 10410.2
vertex : 161; pose : 19.0875 -15.1886 -1.63979
Source : 160; Target : 161; motion : 0.161427 -0.197404 0.00435001; Inf : 1110.56 159.73 10378.4
vertex : 162; pose : 19.0654 -15.4281 -1.63846
Source : 161; Target : 162; motion : 0.166103 -0.172218 0.00132747; Inf : 1050.16 181.224 10346.2
vertex : 163; pose : 19.0275 -15.5103 -1.62509
Source : 162; Target : 163; motion : 0.036874 -0.0649471 0.0133731; Inf : 1062.73 327.587 8654.07
vertex : 164; pose : 19.0472 -15.4895 -1.72472
Source : 163; Target : 164; motion : -0.00882195 -0.102711 -0.0996292; Inf : 671.914 128.069 8639.88
vertex : 165; pose : 19.0997 -15.48 -1.9451
Source : 164; Target : 165; motion : -0.00865867 -0.240452 -0.220379; Inf : 174.23 140.993 10514.6
vertex : 166; pose : 19.1754 -15.5004 -2.14776
Source : 165; Target : 166; motion : 0.0219913 -0.204325 -0.20266; Inf : 405.4 236.175 8644
vertex : 167; pose : 19.1045 -15.4848 -2.25123
Source : 166; Target : 167; motion : -0.0370161 -0.202382 -0.10347; Inf : 762.246 185.734 8503
vertex : 168; pose : 19.1185 -15.4782 -2.25877
Source : 167; Target : 168; motion : -0.00512898 0.00461786 -0.00754709; Inf : 1553.25 229.988 8123.94
vertex : 169; pose : 19.33 -15.5161 -2.50588
Source : 168; Target : 169; motion : 0.0182273 -0.115912 -0.247105; Inf : 1004 145.268 8093.14
vertex : 170; pose : 19.2321 -15.4901 -2.56372
Source : 169; Target : 170; motion : -0.0133185 -0.176959 -0.0578423; Inf : 2841.72 72.1828 8259.59
vertex : 171; pose : 19.3938 -15.5075 -2.79359
Source : 170; Target : 171; motion : -0.0510163 -0.138831 -0.229866; Inf : 1989.34 41.1615 8228.78
vertex : 172; pose : 19.2933 -15.4769 -2.84493
Source : 171; Target : 172; motion : 0.0131236 -0.17168 -0.0513454; Inf : 2177.42 138.153 7597.98
vertex : 173; pose : 19.3873 -15.5022 -2.9632
Source : 172; Target : 173; motion : -0.0309634 -0.0607759 -0.118267; Inf : 1381.06 150.661 8713.04
vertex : 174; pose : 19.3589 -15.4804 3.12545
Source : 173; Target : 174; motion : -0.0266267 -0.290889 -0.194531; Inf : 693.646 129.65 9729.47
vertex : 175; pose : 19.3518 -15.4845 3.12574
Source : 174; Target : 175; motion : 0.00802204 -0.00162984 0.000285222; Inf : 1119.72 460.567 131159
vertex : 176; pose : 19.266 -15.4436 3.1173
Source : 175; Target : 176; motion : 0.0330755 -0.100211 -0.00843575; Inf : 350.356 142.255 21129
vertex : 177; pose : 19.0366 -15.4439 3.10717
Source : 176; Target : 177; motion : 0.166227 -0.171315 -0.0101342; Inf : 1176.49 447.471 42817.6
vertex : 178; pose : 18.8045 -15.4101 3.10536
Source : 177; Target : 178; motion : 0.146613 -0.185569 -0.00180997; Inf : 1155.36 412.911 30171.3
vertex : 179; pose : 18.5771 -15.4264 3.09809
Source : 178; Target : 179; motion : 0.177592 -0.152465 -0.00727292; Inf : 1049.79 395.512 29278.8
vertex : 180; pose : 18.3404 -15.3947 3.09681
Source : 179; Target : 180; motion : 0.153072 -0.184997 -0.00127991; Inf : 1317.46 431.599 29862.8
vertex : 181; pose : 18.1046 -15.3748 3.09572
Source : 180; Target : 181; motion : 0.16063 -0.175241 -0.00108331; Inf : 1432.15 501.612 29648.1
vertex : 182; pose : 17.868 -15.3554 3.09572
Source : 181; Target : 182; motion : 0.161665 -0.173742 1.25097e-09; Inf : 1321.96 502.408 27597.8
vertex : 183; pose : 17.6337 -15.3506 3.09562
Source : 182; Target : 183; motion : 0.169842 -0.161613 -0.000102667; Inf : 1316.82 488.891 27708.2
vertex : 184; pose : 17.3918 -15.2949 3.101
Source : 183; Target : 184; motion : 0.141199 -0.197077 0.00538332; Inf : 1400.85 476.938 29377.9
vertex : 185; pose : 17.1414 -15.2745 3.09889
Source : 184; Target : 185; motion : 0.170276 -0.187456 -0.00211555; Inf : 1396.44 478.289 29574.2
vertex : 186; pose : 16.9167 -15.2657 3.09815
Source : 185; Target : 186; motion : 0.159583 -0.159461 -0.000740443; Inf : 1489.22 482.502 28935.4
vertex : 187; pose : 16.6816 -15.2407 3.09595
Source : 186; Target : 187; motion : 0.156456 -0.180175 -0.00219412; Inf : 1409.65 466.861 29271.2
vertex : 188; pose : 16.4466 -15.219 3.0937
Source : 187; Target : 188; motion : 0.158879 -0.177414 -0.00225866; Inf : 1523.47 489.045 29333.3
vertex : 189; pose : 16.2193 -15.2092 3.0936
Source : 188; Target : 189; motion : 0.161696 -0.160229 -9.97326e-05; Inf : 1424.16 450.418 21839.6
vertex : 190; pose : 15.9731 -15.1747 3.09165
Source : 189; Target : 190; motion : 0.15903 -0.193703 -0.00195066; Inf : 1340.3 438.366 20723
vertex : 191; pose : 15.7462 -15.1618 3.09095
Source : 190; Target : 191; motion : 0.159588 -0.162666 -0.000698133; Inf : 1399.77 467.724 28862.5
vertex : 192; pose : 15.5099 -15.1411 3.08925
Source : 191; Target : 192; motion : 0.161483 -0.175999 -0.00169816; Inf : 1454.68 510.457 29638.5
vertex : 193; pose : 15.2704 -15.1196 3.08976
Source : 192; Target : 193; motion : 0.163518 -0.175612 0.000513333; Inf : 1710.38 531.574 26346.1
vertex : 194; pose : 15.0409 -15.0978 3.08747
Source : 193; Target : 194; motion : 0.155934 -0.172859 -0.00229074; Inf : 1519.13 513.192 29366.4
vertex : 195; pose : 14.808 -15.069 3.08737
Source : 194; Target : 195; motion : 0.154119 -0.177094 -0.000105777; Inf : 1616.06 648.703 27779
vertex : 196; pose : 14.5591 -15.0329 3.08599
Source : 195; Target : 196; motion : 0.161193 -0.194912 -0.00137789; Inf : 1259.44 456.93 29227.3
vertex : 197; pose : 14.3233 -15.0071 3.08415
Source : 196; Target : 197; motion : 0.158519 -0.178829 -0.00183719; Inf : 1514.41 551.517 29451
vertex : 198; pose : 14.0763 -14.9662 3.0847
Source : 197; Target : 198; motion : 0.157139 -0.194143 0.000551156; Inf : 1426.29 633.224 28370.2
vertex : 199; pose : 13.8376 -14.9438 3.08432
Source : 198; Target : 199; motion : 0.163197 -0.176177 -0.000377369; Inf : 1376.64 548.066 21776.8
vertex : 200; pose : 13.5998 -14.9086 3.08472
Source : 199; Target : 200; motion : 0.154076 -0.183968 0.000398933; Inf : 1379.83 710.902 28414
vertex : 201; pose : -2.39838 -19.9771 2.29933
Source : 200; Target : 201; motion : 0.163538 -0.172379 -4.44089e-16; Inf : 1602.72 601.216 27661
vertex : 202; pose : -2.5375 -19.7881 2.29981
Source : 201; Target : 202; motion : 0.149638 -0.180144 0.000484815; Inf : 1591.03 695.894 21762.7
vertex : 203; pose : -2.6911 -19.589 2.29884
Source : 202; Target : 203; motion : 0.16458 -0.191405 -0.000969627; Inf : 1434.89 637.81 29075.6
vertex : 204; pose : -2.83261 -19.4195 2.29723
Source : 203; Target : 204; motion : 0.150992 -0.163225 -0.00161107; Inf : 1607.75 634.671 29404.1
vertex : 205; pose : -2.98566 -19.2255 2.29562
Source : 204; Target : 205; motion : 0.164213 -0.186824 -0.00161107; Inf : 1484.03 743.202 29430.7
vertex : 206; pose : -3.13401 -19.0461 2.29532
Source : 205; Target : 206; motion : 0.158934 -0.170417 -0.0002992; Inf : 1605.48 649.053 28265.5
vertex : 207; pose : -3.28774 -18.8571 2.29344
Source : 206; Target : 207; motion : 0.164945 -0.181756 -0.00187959; Inf : 1548.79 615.349 20746.2
vertex : 208; pose : -3.43188 -18.681 2.29344
Source : 207; Target : 208; motion : 0.1549 -0.166724 0; Inf : 1903.78 662.479 21700
vertex : 209; pose : -3.58502 -18.4962 2.29327
Source : 208; Target : 209; motion : 0.164429 -0.175075 -0.000174534; Inf : 1456.12 624.987 21723.9
vertex : 210; pose : -3.72754 -18.3043 2.29412
Source : 209; Target : 210; motion : 0.154298 -0.181443 0.000851378; Inf : 1637.46 493.085 21439.5
vertex : 211; pose : -3.87099 -18.1007 2.29371
Source : 210; Target : 211; motion : 0.155811 -0.194899 -0.00040589; Inf : 1591.95 601.823 21545.9
vertex : 212; pose : -4.02143 -17.9212 2.29218
Source : 211; Target : 212; motion : 0.16135 -0.171727 -0.00153248; Inf : 1572.54 549.086 20833.1
vertex : 213; pose : -4.15959 -17.7339 2.2909
Source : 212; Target : 213; motion : 0.149859 -0.179765 -0.00127707; Inf : 1627.52 599.407 21052.5
vertex : 214; pose : -4.3143 -17.5463 2.29196
Source : 213; Target : 214; motion : 0.166624 -0.175748 0.00105532; Inf : 1837.57 660.376 21200.6
vertex : 215; pose : -4.45433 -17.3566 2.29128
Source : 214; Target : 215; motion : 0.151912 -0.181195 -0.000681099; Inf : 1611.6 474.298 21300.8
vertex : 216; pose : -4.60833 -17.1786 2.28953
Source : 215; Target : 216; motion : 0.165222 -0.169912 -0.00174533; Inf : 1519.96 745.8 16483
vertex : 217; pose : -4.75656 -16.9926 2.28968
Source : 216; Target : 217; motion : 0.160295 -0.1755 0.000145445; Inf : 1866.46 658.077 15994.2
vertex : 218; pose : -4.9098 -16.8142 2.28909
Source : 217; Target : 218; motion : 0.164759 -0.1686 -0.000581777; Inf : 1460 493.445 16140.2
vertex : 219; pose : -5.05343 -16.6102 2.28824
Source : 218; Target : 219; motion : 0.156983 -0.195105 -0.000856197; Inf : 1530.95 532.085 12965.5
vertex : 220; pose : -5.18988 -16.4309 2.28735
Source : 219; Target : 220; motion : 0.148316 -0.170771 -0.000889772; Inf : 1351.9 530.27 16207.5
vertex : 221; pose : -5.33924 -16.2415 2.28577
Source : 220; Target : 221; motion : 0.162035 -0.180786 -0.00158067; Inf : 1465.31 657.144 16309.5
vertex : 222; pose : -5.47966 -16.0591 2.2851
Source : 221; Target : 222; motion : 0.152904 -0.172928 -0.000671278; Inf : 1489.55 524.496 10449.4
vertex : 223; pose : -5.62857 -15.8564 2.28559
Source : 222; Target : 223; motion : 0.162927 -0.190918 0.000498669; Inf : 1313.4 534.992 12882.9
vertex : 224; pose : -5.77927 -15.6795 2.28472
Source : 223; Target : 224; motion : 0.162811 -0.167041 -0.000872669; Inf : 1253.57 525.47 10392.9
vertex : 225; pose : -5.9124 -15.4937 2.28437
Source : 224; Target : 225; motion : 0.146055 -0.176242 -0.000349061; Inf : 1058.18 314.692 8725
vertex : 226; pose : -6.06418 -15.3087 2.28394
Source : 225; Target : 226; motion : 0.164661 -0.174171 -0.000428675; Inf : 1177.69 412.399 10301.7
vertex : 227; pose : -6.19003 -15.1457 2.28241
Source : 226; Target : 227; motion : 0.137293 -0.155521 -0.00153826; Inf : 1222.59 182.883 10485.2
vertex : 228; pose : -6.19902 -15.1323 2.2821
Source : 227; Target : 228; motion : 0.00995147 -0.0130825 -0.000306201; Inf : 1026.1 353.471 10221.6
vertex : 229; pose : -6.18812 -15.0502 2.23682
Source : 228; Target : 229; motion : -0.00615057 -0.142425 -0.0452775; Inf : 1001.52 141.642 8452.41
Source : 227; Target : 229; motion : 0.00375729 -0.155505 -0.0455837; Inf : 1001.61 141.555 8452.41
vertex : 230; pose : -6.28919 -15.4209 1.94215
Source : 229; Target : 230; motion : -0.000654954 -0.00315899 -0.294671; Inf : 2133.36 3383.6 8143.41
vertex : 231; pose : -6.19963 -15.3135 1.94522
Source : 230; Target : 231; motion : -0.038806 -0.130288 0.00306593; Inf : 297.801 59.8735 8555.41
vertex : 232; pose : -6.31139 -15.0772 1.91969
Source : 231; Target : 232; motion : 0.196449 -0.205696 -0.0255292; Inf : 470.507 102.161 8285.38
vertex : 233; pose : -6.38683 -14.8453 1.92305
Source : 232; Target : 233; motion : 0.166385 -0.173786 0.00336608; Inf : 488.84 104.787 8007.56
vertex : 234; pose : -6.44903 -14.6036 1.92757
Source : 233; Target : 234; motion : 0.157905 -0.187345 0.00451518; Inf : 752.094 111.125 8545.08
vertex : 235; pose : -6.51623 -14.3865 1.92459
Source : 234; Target : 235; motion : 0.15133 -0.173434 -0.0029816; Inf : 734.346 174.616 13191.2
vertex : 236; pose : -6.60005 -14.2042 1.91523
Source : 235; Target : 236; motion : 0.152314 -0.142818 -0.00935698; Inf : 958.884 147.466 16295.1
vertex : 237; pose : -6.65215 -13.9469 1.92686
Source : 236; Target : 237; motion : 0.15687 -0.195164 0.011629; Inf : 858.308 331.782 16617.3
vertex : 238; pose : -6.71811 -13.718 1.92734
Source : 237; Target : 238; motion : 0.155243 -0.180015 0.000476002; Inf : 943.463 97.7086 16151.7
vertex : 239; pose : -6.78717 -13.496 1.92659
Source : 238; Target : 239; motion : 0.155131 -0.174175 -0.000742695; Inf : 844.86 85.0982 10029.5
vertex : 240; pose : -6.87775 -13.3065 1.91617
Source : 239; Target : 240; motion : 0.161223 -0.148342 -0.0104257; Inf : 970.77 148.815 13116.7
vertex : 241; pose : -6.94234 -13.0818 1.91773
Source : 240; Target : 241; motion : 0.154118 -0.173651 0.00156488; Inf : 861.676 114.399 10568.2
vertex : 242; pose : -7.01291 -12.848 1.91671
Source : 241; Target : 242; motion : 0.163153 -0.183073 -0.00101811; Inf : 1061.39 135.473 12973.8
vertex : 243; pose : -7.0704 -12.616 1.91607
Source : 242; Target : 243; motion : 0.15073 -0.186328 -0.000641145; Inf : 1126.04 134.199 13042.1
vertex : 244; pose : -7.14763 -12.4192 1.905
Source : 243; Target : 244; motion : 0.153641 -0.159746 -0.0110686; Inf : 1295.5 121.522 12315.5
vertex : 245; pose : -7.2146 -12.179 1.90376
Source : 244; Target : 245; motion : 0.164994 -0.188592 -0.00124667; Inf : 1134.46 158.28 16459.4
vertex : 246; pose : -7.27496 -11.9516 1.90533
Source : 245; Target : 246; motion : 0.153709 -0.176078 0.00157422; Inf : 678.013 137.721 12585.7
vertex : 247; pose : -7.34033 -11.7248 1.90664
Source : 246; Target : 247; motion : 0.157654 -0.173901 0.001309; Inf : 1075.85 247.803 16534.7
vertex : 248; pose : -7.40027 -11.4725 1.90516
Source : 247; Target : 248; motion : 0.163642 -0.203197 -0.00148539; Inf : 959.448 144.438 16559.3
Source : 246; Target : 248; motion : 0.321562 -0.376884 -0.00017639; Inf : 959.163 144.724 16559.3
vertex : 249; pose : -7.4728 -11.235 1.905
Source : 248; Target : 249; motion : 0.168811 -0.18235 -0.000151769; Inf : 770.842 52.8257 21437
vertex : 250; pose : -7.54466 -11.018 1.90577
Source : 249; Target : 250; motion : 0.159268 -0.16289 0.000766243; Inf : 984.621 124.689 21553.5
vertex : 251; pose : -7.61852 -10.7867 1.89989
Source : 250; Target : 251; motion : 0.167198 -0.183895 -0.00587832; Inf : 997.263 116.282 21371.6
vertex : 252; pose : -7.67546 -10.5196 1.90376
Source : 251; Target : 252; motion : 0.168774 -0.209533 0.00387044; Inf : 764.21 128.777 21853.4
vertex : 253; pose : -7.72677 -10.284 1.90443
Source : 252; Target : 253; motion : 0.149127 -0.188553 0.000664886; Inf : 1046.57 172.858 21429.8
vertex : 254; pose : -7.79663 -10.0502 1.90286
Source : 253; Target : 254; motion : 0.164933 -0.18195 -0.0015708; Inf : 1068.48 1448.81 20326.6
vertex : 255; pose : -7.8635 -9.81882 1.90295
Source : 254; Target : 255; motion : 0.161451 -0.17861 8.95018e-05; Inf : 1166.55 1599.5 21567.8
vertex : 256; pose : -7.92173 -9.59702 1.90295
Source : 255; Target : 256; motion : 0.149482 -0.173906 -3.18997e-09; Inf : 1136.58 1548.44 21673.2
vertex : 257; pose : -7.97197 -9.37035 1.90162
Source : 256; Target : 257; motion : 0.144415 -0.183539 -0.00132978; Inf : 1195.62 1637.8 16688.4
vertex : 258; pose : -8.04108 -9.15483 1.90162
Source : 257; Target : 258; motion : 0.156726 -0.16329 0; Inf : 1147.2 1541.17 21707.1
vertex : 259; pose : -8.10249 -8.90703 1.90162
Source : 258; Target : 259; motion : 0.163984 -0.195667 0; Inf : 1198.16 1555.21 21749
vertex : 260; pose : -8.16126 -8.6863 1.90126
Source : 259; Target : 260; motion : 0.149717 -0.172988 -0.000358016; Inf : 1225.9 1686.86 21684.5
vertex : 261; pose : -8.22276 -8.44324 1.90098
Source : 260; Target : 261; motion : 0.162046 -0.191675 -0.000275577; Inf : 1185.65 1463.98 21661.9
vertex : 262; pose : -8.28228 -8.21011 1.90067
Source : 261; Target : 262; motion : 0.155955 -0.183626 -0.000310283; Inf : 1040.17 1371.5 21477.4
vertex : 263; pose : -8.34865 -7.9813 1.90002
Source : 262; Target : 263; motion : 0.160258 -0.177139 -0.000649428; Inf : 1311.84 1509.16 21399.3
vertex : 264; pose : -8.4144 -7.76231 1.89993
Source : 263; Target : 264; motion : 0.155503 -0.167748 -8.95018e-05; Inf : 1174.91 1639.38 21660.9
vertex : 265; pose : -8.47382 -7.51869 1.89766
Source : 264; Target : 265; motion : 0.160676 -0.195525 -0.00227299; Inf : 955.919 836.577 16591.3
vertex : 266; pose : -8.54172 -7.30731 1.89579
Source : 265; Target : 266; motion : 0.15445 -0.161951 -0.0018671; Inf : 980.544 1558.28 16653.8
vertex : 267; pose : -8.59996 -7.06801 1.89541
Source : 266; Target : 267; motion : 0.158492 -0.189011 -0.000379423; Inf : 1052.1 1316.33 21397.2
vertex : 268; pose : -8.66555 -6.85817 1.89367
Source : 267; Target : 268; motion : 0.152053 -0.161086 -0.00174533; Inf : 1008.55 483.255 13975.4
vertex : 269; pose : -8.72416 -6.61402 1.89521
Source : 268; Target : 269; motion : 0.16139 -0.19031 0.00154507; Inf : 957.802 225.377 13506.1
vertex : 270; pose : -8.78958 -6.39153 1.8936
Source : 269; Target : 270; motion : 0.157568 -0.1723 -0.00161623; Inf : 1070.02 251.785 13066
vertex : 271; pose : -8.85769 -6.1696 1.89036
Source : 270; Target : 271; motion : 0.159977 -0.172484 -0.00324133; Inf : 1331.93 218.695 12979.7
vertex : 272; pose : -8.92325 -5.94425 1.88999
Source : 271; Target : 272; motion : 0.159795 -0.17237 -0.000367438; Inf : 1430.41 180.018 12929.2
vertex : 273; pose : -8.98746 -5.74475 1.88147
Source : 272; Target : 273; motion : 0.146983 -0.160589 -0.00851889; Inf : 1495.12 197.348 10505.8
vertex : 274; pose : -9.0313 -5.47728 1.89135
Source : 273; Target : 274; motion : 0.161191 -0.204819 0.00987962; Inf : 1402.4 172.183 12930.6
vertex : 275; pose : -9.08694 -5.22264 1.89624
Source : 274; Target : 275; motion : 0.163874 -0.196226 0.00489165; Inf : 1433.71 259.477 12584.2
vertex : 276; pose : -9.15227 -5.00234 1.89261
Source : 275; Target : 276; motion : 0.156324 -0.173195 -0.00362902; Inf : 1414.35 175.857 10381.8
vertex : 277; pose : -9.21026 -4.77116 1.89266
Source : 276; Target : 277; motion : 0.155248 -0.180777 5.20948e-05; Inf : 1669.97 176.744 8681.84
vertex : 278; pose : -9.2432 -4.61956 1.89441
Source : 277; Target : 278; motion : 0.0972398 -0.11857 0.00174533; Inf : 1282.24 296.605 10354.3
vertex : 279; pose : -9.35677 -4.69207 1.62764
Source : 278; Target : 279; motion : 0.0226903 -0.232314 -0.266767; Inf : 129.199 101.99 8389.01
vertex : 280; pose : -9.30781 -4.65208 1.6004
Source : 279; Target : 280; motion : -0.0103851 -0.098376 -0.0272407; Inf : 1462.35 433.341 8346.9
vertex : 281; pose : -9.48163 -4.70755 1.35545
Source : 280; Target : 281; motion : 0.0490574 -0.160392 -0.244953; Inf : 568.726 169.293 8460.01
vertex : 282; pose : -9.39971 -4.67808 1.30988
Source : 281; Target : 282; motion : -0.0207683 -0.144975 -0.0455676; Inf : 2590.71 190.832 8391.68
vertex : 283; pose : -9.55481 -4.73928 1.14953
Source : 282; Target : 283; motion : 0.00776806 -0.0457759 -0.160347; Inf : 1893.04 110.268 8315.91
vertex : 284; pose : -9.52902 -4.74379 1.00072
Source : 283; Target : 284; motion : -0.0279896 -0.218126 -0.148818; Inf : 2415.65 44.4912 8294.03
vertex : 285; pose : -9.52247 -4.74474 1.0029
Source : 284; Target : 285; motion : -0.00232712 -0.00331042 0.00218195; Inf : 4988.16 149.35 7975.24
vertex : 286; pose : -9.64866 -4.79487 0.80929
Source : 285; Target : 286; motion : -0.0463748 -0.119838 -0.193607; Inf : 1565.89 69.0792 8258.99
Source : 284; Target : 286; motion : -0.0484404 -0.123249 -0.191425; Inf : 1565.13 69.8392 8258.99
vertex : 287; pose : -9.59614 -4.77653 0.693077
Source : 286; Target : 287; motion : 0.00818813 -0.205938 -0.116213; Inf : 1245.01 148.69 7753.17
vertex : 288; pose : -9.61736 -4.77284 0.689613
Source : 287; Target : 288; motion : 0.00171072 0.0169071 -0.0034643; Inf : 1067.88 221.962 15930.1
vertex : 289; pose : -9.69176 -4.82033 0.58554
Source : 288; Target : 289; motion : -0.0615306 -0.0675555 -0.104073; Inf : 658.643 184.572 12783.8
Source : 287; Target : 289; motion : -0.0600536 -0.0504349 -0.107537; Inf : 660.528 182.687 12783.8
vertex : 290; pose : -9.67693 -4.85048 0.393837
Source : 289; Target : 290; motion : -0.0507722 -0.271921 -0.191703; Inf : 204.685 104.719 12800.2
vertex : 291; pose : -9.63692 -4.81204 0.385894
Source : 290; Target : 291; motion : 0.0507601 -0.0327966 -0.00794288; Inf : 1246.52 940.157 29704.1
vertex : 292; pose : -9.46596 -4.7514 0.368116
Source : 291; Target : 292; motion : 0.122148 -0.157366 -0.0177787; Inf : 1138.37 926.494 29550
vertex : 293; pose : -9.22993 -4.67313 0.370734
Source : 292; Target : 293; motion : 0.167201 -0.180599 0.00261799; Inf : 1119.08 936.892 28935.6
vertex : 294; pose : -9.00008 -4.60903 0.372828
Source : 293; Target : 294; motion : 0.151276 -0.181781 0.0020944; Inf : 1014.4 845.77 21064
vertex : 295; pose : -8.79653 -4.55385 0.371083
Source : 294; Target : 295; motion : 0.132164 -0.166655 -0.00174533; Inf : 1143.3 932.608 29484.2
vertex : 296; pose : -8.58055 -4.49791 0.369387
Source : 295; Target : 296; motion : 0.138148 -0.177424 -0.00169546; Inf : 1204.65 933.889 29308.1
vertex : 297; pose : -8.36735 -4.4312 0.358689
Source : 296; Target : 297; motion : 0.147103 -0.182169 -0.0106981; Inf : 1160.39 915.678 21555.4
vertex : 298; pose : -8.1413 -4.34212 0.35861
Source : 297; Target : 298; motion : 0.174646 -0.169024 -7.93343e-05; Inf : 907.234 776.625 21525.7
vertex : 299; pose : -7.90671 -4.29013 0.366462
Source : 298; Target : 299; motion : 0.144397 -0.181656 0.0078519; Inf : 626.044 554.759 20061.8
vertex : 300; pose : -7.6861 -4.21043 0.365938
Source : 299; Target : 300; motion : 0.162542 -0.169805 -0.000523599; Inf : 968.986 789.733 21562.6
vertex : 301; pose : -7.47866 -4.14813 0.365759
Source : 300; Target : 301; motion : 0.141383 -0.164321 -0.000179006; Inf : 958.92 811.687 21638.6
vertex : 302; pose : -7.26709 -4.08463 0.366358
Source : 301; Target : 302; motion : 0.144195 -0.166553 0.000598401; Inf : 1063.99 902.719 16267
vertex : 303; pose : -7.04233 -4.01381 0.365105
Source : 302; Target : 303; motion : 0.156146 -0.178154 -0.00125305; Inf : 1235.84 1037.04 16736.2
vertex : 304; pose : -6.82134 -3.94277 0.364606
Source : 303; Target : 304; motion : 0.155026 -0.173428 -0.000498664; Inf : 1212.07 1064.86 21838.2
vertex : 305; pose : -6.58032 -3.86638 0.363733
Source : 304; Target : 305; motion : 0.168172 -0.189939 -0.000872666; Inf : 1135.56 967.804 19318.1
vertex : 306; pose : -6.34376 -3.79745 0.363733
Source : 305; Target : 306; motion : 0.159721 -0.187629 -2.22045e-16; Inf : 516.984 415.741 27475.4
vertex : 307; pose : -6.09955 -3.72833 0.363035
Source : 306; Target : 307; motion : 0.163012 -0.195455 -0.000698131; Inf : 984.927 904.032 29247.5
vertex : 308; pose : -5.88017 -3.64586 0.36437
Source : 307; Target : 308; motion : 0.165145 -0.164531 0.00133466; Inf : 983.942 916.404 29773.9
vertex : 309; pose : -5.62107 -3.57312 0.364669
Source : 308; Target : 309; motion : 0.172284 -0.206351 0.0002992; Inf : 862.141 834.163 21752.7
vertex : 310; pose : -5.38346 -3.50119 0.365542
Source : 309; Target : 310; motion : 0.162702 -0.18636 0.000872665; Inf : 988.526 1000.19 21631.6
vertex : 311; pose : -5.14518 -3.43394 0.363796
Source : 310; Target : 311; motion : 0.158538 -0.192469 -0.00174533; Inf : 865.862 849.794 29563.9
vertex : 312; pose : -4.92303 -3.3581 0.362694
Source : 311; Target : 312; motion : 0.160105 -0.173115 -0.00110231; Inf : 760.593 779.795 29257.5
vertex : 313; pose : -4.7101 -3.28804 0.362977
Source : 312; Target : 313; motion : 0.151241 -0.165079 0.000283027; Inf : 790.425 763.554 28163.9
vertex : 314; pose : -4.47377 -3.24896 0.369187
Source : 313; Target : 314; motion : 0.132516 -0.191338 0.00621014; Inf : 379.929 336.303 26860
vertex : 315; pose : -4.26984 -3.15079 0.361168
Source : 314; Target : 315; motion : 0.172187 -0.15741 -0.00801881; Inf : 709.875 724.42 29436.1
vertex : 316; pose : -4.06839 -3.09122 0.362017
Source : 315; Target : 316; motion : 0.137216 -0.157951 0.000849077; Inf : 932.038 915.085 28662.7
vertex : 317; pose : -3.80629 -3.01876 0.360854
Source : 316; Target : 317; motion : 0.173744 -0.210719 -0.00116355; Inf : 913.541 933.322 21112.5
vertex : 318; pose : -3.60102 -2.94928 0.36225
Source : 317; Target : 318; motion : 0.147859 -0.156596 0.00139626; Inf : 739.577 734.37 21000.7
vertex : 319; pose : -3.35224 -2.88092 0.360422
Source : 318; Target : 319; motion : 0.16449 -0.201178 -0.00182844; Inf : 522.491 493.129 16600.6
vertex : 320; pose : -3.12179 -2.80373 0.360131
Source : 319; Target : 320; motion : 0.165337 -0.178506 -0.000290886; Inf : 848.762 814.674 21411.4
vertex : 321; pose : -2.90134 -2.74433 0.361062
Source : 320; Target : 321; motion : 0.145056 -0.175079 0.000930849; Inf : 934.426 1002.82 20924.4
vertex : 322; pose : -2.66248 -2.67679 0.359205
Source : 321; Target : 322; motion : 0.159892 -0.192321 -0.00185673; Inf : 675.168 627.214 16540
vertex : 323; pose : -2.4587 -2.61113 0.358863
Source : 322; Target : 323; motion : 0.144034 -0.158854 -0.000342223; Inf : 786.832 831.057 15973.6
vertex : 324; pose : -2.2344 -2.54327 0.357876
Source : 323; Target : 324; motion : 0.15457 -0.177431 -0.000986492; Inf : 520.439 362.667 16252.1
vertex : 325; pose : -2.01242 -2.47435 0.355782
Source : 324; Target : 325; motion : 0.154753 -0.176191 -0.00209439; Inf : 446.711 334.401 12719.1
vertex : 326; pose : -1.7883 -2.39924 0.356131
Source : 325; Target : 326; motion : 0.161642 -0.172013 0.000349061; Inf : 507.858 314.018 13083.3
vertex : 327; pose : -1.56423 -2.33483 0.353829
Source : 326; Target : 327; motion : 0.15182 -0.179972 -0.00230235; Inf : 449.273 181.679 12804.4
vertex : 328; pose : -1.32954 -2.25974 0.354327
Source : 327; Target : 328; motion : 0.16637 -0.181101 0.000498664; Inf : 628.215 330.598 15138.6
vertex : 329; pose : -1.10307 -2.19948 0.353971
Source : 328; Target : 329; motion : 0.149383 -0.181039 -0.00035619; Inf : 582.929 220.927 13025.1
vertex : 330; pose : -0.873082 -2.12804 0.354617
Source : 329; Target : 330; motion : 0.161065 -0.178189 0.000646417; Inf : 563.602 171.974 12898.2
vertex : 331; pose : -0.651858 -2.06098 0.355869
Source : 330; Target : 331; motion : 0.153305 -0.171362 0.00125136; Inf : 733.926 197.728 10607.9
vertex : 332; pose : -0.411487 -2.00294 0.358487
Source : 331; Target : 332; motion : 0.152867 -0.190909 0.00261799; Inf : 762.864 259.605 10573.1
vertex : 333; pose : -0.172155 -1.9285 0.360372
Source : 332; Target : 333; motion : 0.166858 -0.184541 0.00188495; Inf : 510.343 161.586 10601.5
vertex : 334; pose : 0.061821 -1.86105 0.362117
Source : 333; Target : 334; motion : 0.157927 -0.183042 0.00174533; Inf : 516.414 190.484 10757.1
vertex : 335; pose : 0.295044 -1.78757 0.361889
Source : 334; Target : 335; motion : 0.16279 -0.182759 -0.000227651; Inf : 375.788 166.39 8959.78
vertex : 336; pose : 0.524035 -1.71706 0.362665
Source : 335; Target : 336; motion : 0.158384 -0.178762 0.000775702; Inf : 198.118 111.377 10751.1
vertex : 337; pose : 0.754324 -1.631 0.362495
Source : 336; Target : 337; motion : 0.172967 -0.174932 -0.000170274; Inf : 116.043 85.437 10600.1
vertex : 338; pose : 0.967914 -1.5473 0.362679
Source : 337; Target : 338; motion : 0.163984 -0.16018 0.000183719; Inf : 121.224 69.0902 9265.3
vertex : 339; pose : 1.18585 -1.45712 0.363639
Source : 338; Target : 339; motion : 0.171645 -0.160496 0.00095993; Inf : 105.239 71.4974 11005.9
vertex : 340; pose : 1.41102 -1.37575 0.36222
Source : 339; Target : 340; motion : 0.166414 -0.173995 -0.00141808; Inf : 124.439 78.8314 13174
vertex : 341; pose : 1.62535 -1.27513 0.362139
Source : 340; Target : 341; motion : 0.179764 -0.154206 -8.11761e-05; Inf : 174.582 136.161 10685.6
Source : 339; Target : 341; motion : 0.34596 -0.328456 -0.00149925; Inf : 174.234 136.509 10685.6
vertex : 342; pose : 1.84568 -1.18391 0.360081
Source : 341; Target : 342; motion : 0.173661 -0.166137 -0.00205859; Inf : 252.087 210.408 13328.3
vertex : 343; pose : 2.05401 -1.09439 0.360487
Source : 342; Target : 343; motion : 0.167501 -0.152298 0.00040589; Inf : 180.769 127.186 13460.5
vertex : 344; pose : 2.28038 -1.00023 0.361038
Source : 343; Target : 344; motion : 0.179109 -0.166698 0.000551157; Inf : 312.135 259.051 10877.6
Source : 342; Target : 344; motion : 0.346677 -0.318923 0.000957047; Inf : 312.335 258.851 10877.6
vertex : 345; pose : 2.49296 -0.906715 0.358323
Source : 344; Target : 345; motion : 0.172743 -0.158801 -0.00271495; Inf : 205.063 137.509 10916.9
vertex : 346; pose : 2.69819 -0.806977 0.356054
Source : 345; Target : 346; motion : 0.175785 -0.148478 -0.00226892; Inf : 161.258 119.036 10854.6
vertex : 347; pose : 2.90655 -0.698124 0.355836
Source : 346; Target : 347; motion : 0.185708 -0.144423 -0.000218166; Inf : 191.243 123.189 9043.36
vertex : 348; pose : 3.1173 -0.59828 0.353342
Source : 347; Target : 348; motion : 0.178543 -0.153314 -0.00249332; Inf : 161.534 115.933 10691.1
Source : 346; Target : 348; motion : 0.364217 -0.297776 -0.00271149; Inf : 161.493 115.973 10691.1
vertex : 349; pose : 3.31177 -0.508757 0.361989
Source : 348; Target : 349; motion : 0.162677 -0.127699 0.00864647; Inf : 125.133 94.2286 8664.04
vertex : 350; pose : 3.27897 -0.489969 0.351989
Source : 349; Target : 350; motion : 0.00358907 0.0244217 -0.00999999; Inf : 151.493 124.304 8860.22
vertex : 351; pose : 3.17555 -0.435152 0.240701
Source : 350; Target : 351; motion : -0.00184972 -0.0296519 -0.111288; Inf : 7378.74 18075 9953.18
vertex : 352; pose : 3.15501 -0.365632 0.0380375
Source : 351; Target : 352; motion : 0.0218159 -0.211995 -0.202663; Inf : 215.979 114.65 8581.69
vertex : 353; pose : 3.19232 -0.427638 0.0377541
Source : 352; Target : 353; motion : -0.0201234 -0.0698826 -0.000283423; Inf : 757.686 243.064 12350.2
vertex : 354; pose : 3.12072 -0.262277 -0.21827
Source : 353; Target : 354; motion : 0.0295655 -0.169199 -0.256024; Inf : 430.204 144.709 8362.86
vertex : 355; pose : 3.15444 -0.353144 -0.254491
Source : 354; Target : 355; motion : -0.0212341 -0.142541 -0.0362215; Inf : 2692.47 193.276 8306.61
vertex : 356; pose : 3.08439 -0.189126 -0.419356
Source : 355; Target : 356; motion : 0.00474403 -0.03964 -0.164865; Inf : 2374.37 125.051 8301.44
vertex : 357; pose : 3.09786 -0.254361 -0.550053
Source : 356; Target : 357; motion : -0.0220275 -0.237692 -0.130697; Inf : 2563.11 52.2662 8316.42
vertex : 358; pose : 3.05885 -0.144738 -0.669505
Source : 357; Target : 358; motion : -0.0217737 -0.0415408 -0.119452; Inf : 2853.54 82.0451 8359.8
vertex : 359; pose : 3.04343 -0.129478 -0.867597
Source : 358; Target : 359; motion : -0.0393565 -0.242728 -0.198092; Inf : 1270.9 115.688 8116.92
vertex : 360; pose : 3.03465 -0.0849605 -1.03144
Source : 359; Target : 360; motion : -0.0300698 -0.171573 -0.163844; Inf : 477.663 138.999 9855.54
vertex : 361; pose : 3.02796 -0.157013 -1.17312
Source : 360; Target : 361; motion : -0.00216287 -0.257833 -0.141683; Inf : 1512.5 618.378 21269.6
vertex : 362; pose : 3.0194 -0.166971 -1.17101
Source : 361; Target : 362; motion : -0.00415897 -0.00966455 0.00211406; Inf : 2322.42 1699.35 65229
vertex : 363; pose : 3.01248 -0.179369 -1.18411
Source : 362; Target : 363; motion : -0.00186896 -0.0313811 -0.0131028; Inf : 2352.24 1657.22 61289
Source : 361; Target : 363; motion : -0.00596158 -0.0410495 -0.0109887; Inf : 2344.14 1665.32 61289
vertex : 364; pose : 3.09528 -0.357955 -1.19483
Source : 363; Target : 364; motion : 0.145562 -0.146579 -0.0107222; Inf : 1583.56 1219.85 42449.9
vertex : 365; pose : 3.16062 -0.576446 -1.19635
Source : 364; Target : 365; motion : 0.146919 -0.176416 -0.00151262; Inf : 1492.52 1206.7 30069.5
vertex : 366; pose : 3.23408 -0.806746 -1.19588
Source : 365; Target : 366; motion : 0.159344 -0.181166 0.000465423; Inf : 1707.38 1357.88 42828.5
vertex : 367; pose : 3.32722 -1.03758 -1.19441
Source : 366; Target : 367; motion : 0.17752 -0.172536 0.00147682; Inf : 1585.31 1241.85 39957.9
vertex : 368; pose : 3.36278 -1.27265 -1.18973
Source : 367; Target : 368; motion : 0.126095 -0.195374 0.00467215; Inf : 847.34 654.334 67942.5
vertex : 369; pose : 3.4574 -1.50138 -1.19829
Source : 368; Target : 369; motion : 0.176933 -0.184356 -0.00855559; Inf : 1359.79 1028.36 67427.5
vertex : 370; pose : 3.50382 -1.7244 -1.20047
Source : 369; Target : 370; motion : 0.131995 -0.188531 -0.00218166; Inf : 1284.49 1004.71 40004.9
vertex : 371; pose : 3.60097 -1.95593 -1.20091
Source : 370; Target : 371; motion : 0.182272 -0.173266 -0.000436334; Inf : 1207.39 937.38 42748.1
vertex : 372; pose : 3.69097 -2.20195 -1.20079
Source : 371; Target : 372; motion : 0.181653 -0.188614 0.000112601; Inf : 1226.98 992.529 42893.1
vertex : 373; pose : 3.77033 -2.42741 -1.1987
Source : 372; Target : 373; motion : 0.16359 -0.171492 0.00209439; Inf : 1368.43 1097.58 37017
vertex : 374; pose : 3.80554 -2.66131 -1.19184
Source : 373; Target : 374; motion : 0.126158 -0.191015 0.00685841; Inf : 1231.83 999.95 42869.7
vertex : 375; pose : 3.88771 -2.8867 -1.193
Source : 374; Target : 375; motion : 0.164582 -0.176081 -0.00116355; Inf : 1317.78 1022.96 41015.4
vertex : 376; pose : 3.96732 -3.11062 -1.19344
Source : 375; Target : 376; motion : 0.161848 -0.174594 -0.000436334; Inf : 1367.59 1041.22 42698.3
vertex : 377; pose : 4.03707 -3.34127 -1.19494
Source : 376; Target : 377; motion : 0.15555 -0.186001 -0.001496; Inf : 1341.04 1026.83 29594.1
vertex : 378; pose : 4.11331 -3.55918 -1.19642
Source : 377; Target : 378; motion : 0.156698 -0.171487 -0.00148089; Inf : 1399.26 1098.31 29850.3
vertex : 379; pose : 4.19572 -3.78569 -1.19608
Source : 378; Target : 379; motion : 0.166046 -0.174275 0.000337806; Inf : 1468.83 1111.45 42681.4
vertex : 380; pose : 4.26916 -4.01712 -1.1946
Source : 379; Target : 380; motion : 0.15973 -0.180918 0.00148089; Inf : 1346.78 1043.68 29808.9
vertex : 381; pose : 4.34093 -4.23717 -1.19285
Source : 380; Target : 381; motion : 0.153392 -0.171023 0.00174533; Inf : 1304.79 1018.3 29691.3
vertex : 382; pose : 4.40731 -4.46463 -1.19475
Source : 381; Target : 382; motion : 0.151082 -0.185036 -0.00189493; Inf : 1273.51 938.907 29638.7
vertex : 383; pose : 4.48898 -4.69445 -1.19411
Source : 382; Target : 383; motion : 0.166398 -0.177475 0.000643015; Inf : 1190.97 910.431 28785.9
vertex : 384; pose : 4.56164 -4.91556 -1.19318
Source : 383; Target : 384; motion : 0.154552 -0.1728 0.000923998; Inf : 1307.81 991.616 29146.3
vertex : 385; pose : 4.62313 -5.14035 -1.19217
Source : 384; Target : 385; motion : 0.14559 -0.180641 0.00101045; Inf : 1071.86 832.362 29221.5
vertex : 386; pose : 4.69186 -5.35918 -1.19342
Source : 385; Target : 386; motion : 0.149694 -0.17543 -0.00125305; Inf : 1189.73 901.787 29391.4
vertex : 387; pose : 4.76532 -5.57593 -1.19405
Source : 386; Target : 387; motion : 0.15344 -0.170634 -0.000626525; Inf : 1149.26 834.083 21615.6
vertex : 388; pose : 4.84565 -5.80533 -1.19454
Source : 387; Target : 388; motion : 0.164877 -0.179233 -0.000487067; Inf : 1239.15 945.868 21626.3
vertex : 389; pose : 4.91667 -6.0166 -1.19387
Source : 388; Target : 389; motion : 0.149202 -0.164699 0.000664886; Inf : 1156.93 912.99 21525.6
vertex : 390; pose : 4.98029 -6.23374 -1.19311
Source : 389; Target : 390; motion : 0.144634 -0.173001 0.000766242; Inf : 1225.37 909.449 21367.3
vertex : 391; pose : 5.05579 -6.44327 -1.19348
Source : 390; Target : 391; motion : 0.15239 -0.162908 -0.000371348; Inf : 1148.92 875.207 16135.3
vertex : 392; pose : 5.1146 -6.65138 -1.19505
Source : 391; Target : 392; motion : 0.136574 -0.169747 -0.00156723; Inf : 1019.53 772.647 16514.5
vertex : 393; pose : 5.19029 -6.85018 -1.19653
Source : 392; Target : 393; motion : 0.148598 -0.154166 -0.00148539; Inf : 1083.87 822.854 13999.8
vertex : 394; pose : 5.26639 -7.07754 -1.19814
Source : 393; Target : 394; motion : 0.16062 -0.180122 -0.00160571; Inf : 1000.65 758.828 16361.6
vertex : 395; pose : 5.33281 -7.27823 -1.19755
Source : 394; Target : 395; motion : 0.141348 -0.15643 0.000581777; Inf : 938.044 701.831 12987.7
vertex : 396; pose : 5.40062 -7.49331 -1.19743
Source : 395; Target : 396; motion : 0.14829 -0.169733 0.000126929; Inf : 1043.18 770.278 12913.3
Source : 394; Target : 396; motion : 0.289737 -0.326077 0.000708706; Inf : 1042.21 771.246 12913.3
vertex : 397; pose : 5.4711 -7.71014 -1.19635
Source : 396; Target : 397; motion : 0.151415 -0.169039 0.00107893; Inf : 548.588 352.936 10508.9
vertex : 398; pose : 5.54205 -7.93899 -1.19683
Source : 397; Target : 398; motion : 0.15646 -0.182091 -0.000483316; Inf : 365.035 197.597 8677.03
vertex : 399; pose : 5.60746 -8.12659 -1.2
Source : 398; Target : 399; motion : 0.134975 -0.149958 -0.00316844; Inf : 396.636 220.477 10258.7
vertex : 400; pose : 5.67115 -8.32707 -1.20022
Source : 399; Target : 400; motion : 0.13905 -0.15813 -0.000221629; Inf : 391.957 192.8 10122.9
vertex : 401; pose : 5.74762 -8.54577 -1.20017
Source : 400; Target : 401; motion : 0.158131 -0.169261 5.45292e-05; Inf : 484.131 213.876 8684.92
vertex : 402; pose : 5.82222 -8.77867 -1.20189
Source : 401; Target : 402; motion : 0.162124 -0.185368 -0.00172076; Inf : 522.215 196.074 8304.46
vertex : 403; pose : 5.88796 -8.98034 -1.2041
Source : 402; Target : 403; motion : 0.141699 -0.160753 -0.0022124; Inf : 516.859 205.752 8276.14
vertex : 404; pose : 5.96151 -9.19514 -1.20792
Source : 403; Target : 404; motion : 0.154523 -0.171382 -0.00382088; Inf : 511.413 167.062 7522.11
vertex : 405; pose : 6.03494 -9.42646 -1.20507
Source : 404; Target : 405; motion : 0.161819 -0.177106 0.00284765; Inf : 586.265 179.916 8026.68
vertex : 406; pose : 6.10653 -9.63903 -1.20553
Source : 405; Target : 406; motion : 0.151992 -0.165559 -0.000455299; Inf : 700.347 196.657 8552.2
vertex : 407; pose : 6.17693 -9.86242 -1.20463
Source : 406; Target : 407; motion : 0.155392 -0.17406 0.000896232; Inf : 833.141 214.769 8418.69
vertex : 408; pose : 6.25185 -10.0666 -1.20463
Source : 407; Target : 408; motion : 0.151564 -0.156034 0; Inf : 786.923 196.523 8471.97
vertex : 409; pose : 6.31763 -10.2581 -1.21096
Source : 408; Target : 409; motion : 0.138002 -0.156458 -0.0063224; Inf : 408.328 109.635 8489.08
vertex : 410; pose : 6.39721 -10.4659 -1.20858
Source : 409; Target : 410; motion : 0.158277 -0.153307 0.00237101; Inf : 442.599 102.972 8338.58
vertex : 411; pose : 6.46148 -10.7307 -1.21058
Source : 410; Target : 411; motion : 0.167311 -0.217615 -0.00199466; Inf : 545.522 74.8026 10584.6
vertex : 412; pose : 6.53479 -10.9307 -1.2114
Source : 411; Target : 412; motion : 0.149294 -0.15306 -0.000821329; Inf : 254.086 44.6401 8688.01
vertex : 413; pose : 6.62366 -11.1503 -1.21311
Source : 412; Target : 413; motion : 0.171683 -0.165545 -0.00171359; Inf : 406.992 79.6111 8480.82
vertex : 414; pose : 6.70026 -11.3457 -1.21608
Source : 413; Target : 414; motion : 0.15074 -0.149924 -0.00296706; Inf : 460.484 128.498 8311.86
vertex : 415; pose : 6.76402 -11.5746 -1.21648
Source : 414; Target : 415; motion : 0.153501 -0.181902 -0.000398933; Inf : 376.953 101.5 10684.7
vertex : 416; pose : 6.83203 -11.798 -1.21473
Source : 415; Target : 416; motion : 0.15513 -0.172247 0.00174533; Inf : 152.052 34.9086 10995.8
vertex : 417; pose : 6.88294 -12.0305 -1.21534
Source : 416; Target : 417; motion : 0.143058 -0.190965 -0.000601836; Inf : 275.882 55.2094 10936
Source : 415; Target : 417; motion : 0.298521 -0.362963 0.00114349; Inf : 275.804 55.2871 10936
vertex : 418; pose : 6.96044 -12.2498 -1.2141
Source : 417; Target : 418; motion : 0.161847 -0.165388 0.00123862; Inf : 404.45 124.712 12799.6
Source : 415; Target : 418; motion : 0.460556 -0.528165 0.00238211; Inf : 404.286 124.877 12799.6
vertex : 419; pose : 7.02336 -12.471 -1.21312
Source : 418; Target : 419; motion : 0.149188 -0.173755 0.000981748; Inf : 308.452 151.016 16799.8
Source : 416; Target : 419; motion : 0.454104 -0.530111 0.00161853; Inf : 308.371 151.097 16799.8
vertex : 420; pose : 7.09508 -12.6955 -1.21486
Source : 419; Target : 420; motion : 0.158375 -0.17683 -0.00174533; Inf : 410.729 179.598 20779.7
vertex : 421; pose : 7.16954 -12.9087 -1.21748
Source : 420; Target : 421; motion : 0.156489 -0.16633 -0.00261799; Inf : 484.246 207.158 29389.1
vertex : 422; pose : 7.24262 -13.1276 -1.21991
Source : 421; Target : 422; motion : 0.15801 -0.171343 -0.00242828; Inf : 618.94 278.062 29393.9
vertex : 423; pose : 7.32761 -13.3256 -1.22091
Source : 422; Target : 423; motion : 0.160454 -0.145164 -0.00099733; Inf : 409.365 174.058 29384.7
vertex : 424; pose : 7.39765 -13.5374 -1.22202
Source : 423; Target : 424; motion : 0.152831 -0.163919 -0.00111701; Inf : 640.242 278.885 29971.8
vertex : 425; pose : 7.45853 -13.7632 -1.22182
Source : 424; Target : 425; motion : 0.150685 -0.178655 0.000205333; Inf : 597.531 274.263 28390.1
vertex : 426; pose : 7.52453 -13.981 -1.22042
Source : 425; Target : 426; motion : 0.151847 -0.167594 0.00139626; Inf : 530.226 339.415 30123.5
Source : 424; Target : 426; motion : 0.302566 -0.346218 0.0016016; Inf : 530.134 339.508 30123.5
vertex : 427; pose : 7.58915 -14.2205 -1.22121
Source : 426; Target : 427; motion : 0.159568 -0.191059 -0.000788213; Inf : 851.232 450.653 29351
vertex : 428; pose : 7.6605 -14.4395 -1.22101
Source : 427; Target : 428; motion : 0.157096 -0.168077 0.000193926; Inf : 639.337 446.161 22114.5
vertex : 429; pose : 7.7253 -14.6567 -1.22036
Source : 428; Target : 429; motion : 0.150406 -0.168733 0.000654498; Inf : 696.682 391.459 28901
vertex : 430; pose : 7.77762 -14.8949 -1.22143
Source : 429; Target : 430; motion : 0.147842 -0.195447 -0.00107405; Inf : 665.119 454.717 21504.8
vertex : 431; pose : 7.85559 -15.1062 -1.22115
Source : 430; Target : 431; motion : 0.159882 -0.158146 0.000283027; Inf : 855.33 564.234 26280.2
vertex : 432; pose : 7.92048 -15.3425 -1.22251
Source : 431; Target : 432; motion : 0.1586 -0.188695 -0.00135748; Inf : 730.896 463.583 21082.1
vertex : 433; pose : 8.00239 -15.5577 -1.22359
Source : 432; Target : 433; motion : 0.16529 -0.161675 -0.00108044; Inf : 714.537 565.239 21392.5
vertex : 434; pose : 8.07448 -15.7711 -1.22495
Source : 433; Target : 434; motion : 0.155834 -0.164459 -0.00135748; Inf : 806.901 683.987 20925.8
vertex : 435; pose : 8.14004 -15.9962 -1.22529
Source : 434; Target : 435; motion : 0.155101 -0.176223 -0.000340554; Inf : 709.95 170.554 21498.5
vertex : 436; pose : 8.20733 -16.218 -1.22554
Source : 435; Target : 436; motion : 0.155343 -0.172372 -0.000249332; Inf : 538.081 137.604 21568.5
vertex : 437; pose : 8.28032 -16.4456 -1.22673
Source : 436; Target : 437; motion : 0.163025 -0.176424 -0.00119193; Inf : 860.52 138.186 19700
vertex : 438; pose : 8.34254 -16.6764 -1.2275
Source : 437; Target : 438; motion : 0.15482 -0.183101 -0.000775702; Inf : 645.671 78.6223 16413
vertex : 439; pose : 8.4139 -16.8888 -1.22872
Source : 438; Target : 439; motion : 0.15539 -0.163091 -0.00121767; Inf : 788.842 226.764 16575
vertex : 440; pose : 8.47019 -17.132 -1.22758
Source : 439; Target : 440; motion : 0.155134 -0.193975 0.00113981; Inf : 738.047 104.924 14733.4
vertex : 441; pose : 8.53542 -17.3534 -1.22596
Source : 440; Target : 441; motion : 0.153711 -0.170073 0.00161762; Inf : 875.252 475.893 16725.3
vertex : 442; pose : 8.59421 -17.5847 -1.22734
Source : 441; Target : 442; motion : 0.151816 -0.185965 -0.00137133; Inf : 697.183 83.6449 12718.9
vertex : 443; pose : 8.6648 -17.7944 -1.2289
Source : 442; Target : 443; motion : 0.153479 -0.161398 -0.00156723; Inf : 777.196 325.454 10659.3
vertex : 444; pose : 8.73655 -18.0173 -1.22871
Source : 443; Target : 444; motion : 0.160493 -0.170361 0.000193926; Inf : 888.196 501.128 10211.2
vertex : 445; pose : 8.79087 -18.2464 -1.22718
Source : 444; Target : 445; motion : 0.14729 -0.181558 0.00153099; Inf : 1043.85 323.131 10496.4
vertex : 446; pose : 8.85432 -18.4556 -1.22815
Source : 445; Target : 446; motion : 0.146808 -0.163265 -0.000969627; Inf : 1069.65 430.41 10447.6
vertex : 447; pose : 8.90981 -18.7255 -1.2211
Source : 446; Target : 447; motion : 0.165771 -0.210886 0.00704637; Inf : 880.661 143.506 10322.3
vertex : 448; pose : 8.99577 -18.9116 -1.23066
Source : 447; Target : 448; motion : 0.156416 -0.145041 -0.00955574; Inf : 951.542 528.418 8641.37
vertex : 449; pose : 9.0663 -19.1324 -1.23165
Source : 448; Target : 449; motion : 0.158749 -0.170201 -0.00098902; Inf : 1046.2 460.313 8633.98
vertex : 450; pose : 9.0795 -19.161 -1.23132
Source : 449; Target : 450; motion : 0.0242106 -0.0195909 0.000323205; Inf : 1176.69 618.899 10293.6
